<?xml version="1.0" encoding="UTF-8"?>
<testng-results ignored="0" total="5" passed="5" failed="0" skipped="0">
  <reporter-output>
  </reporter-output>
  <suite started-at="2023-11-17T13:33:56 IST" name="Default suite" finished-at="2023-11-17T13:36:45 IST" duration-ms="168972">
    <groups>
    </groups>
    <test started-at="2023-11-17T13:33:56 IST" name="Default test" finished-at="2023-11-17T13:36:45 IST" duration-ms="168972">
      <class name="setUp.RunSetup">
        <test-method is-config="true" signature="setup()[pri:0, instance:setUp.RunSetup@21be3395]" started-at="2023-11-17T13:33:56 IST" name="setup" finished-at="2023-11-17T13:34:30 IST" duration-ms="33206" status="PASS">
          <reporter-output>
          </reporter-output>
        </test-method> <!-- setup -->
        <test-method signature="loginIntoApplication()[pri:1, instance:setUp.RunSetup@21be3395]" started-at="2023-11-17T13:34:30 IST" name="loginIntoApplication" finished-at="2023-11-17T13:34:42 IST" duration-ms="12741" status="PASS">
          <reporter-output>
          </reporter-output>
        </test-method> <!-- loginIntoApplication -->
        <test-method signature="verifyElementsInPage()[pri:2, instance:setUp.RunSetup@21be3395]" started-at="2023-11-17T13:34:42 IST" name="verifyElementsInPage" finished-at="2023-11-17T13:35:19 IST" duration-ms="36959" status="PASS">
          <reporter-output>
          </reporter-output>
        </test-method> <!-- verifyElementsInPage -->
        <test-method signature="topNavigationBarandClickOnIt()[pri:3, instance:setUp.RunSetup@21be3395]" started-at="2023-11-17T13:35:19 IST" name="topNavigationBarandClickOnIt" finished-at="2023-11-17T13:35:20 IST" duration-ms="243" status="PASS">
          <reporter-output>
          </reporter-output>
        </test-method> <!-- topNavigationBarandClickOnIt -->
        <test-method signature="matchCarouselwithMainTitle()[pri:4, instance:setUp.RunSetup@21be3395]" started-at="2023-11-17T13:35:20 IST" name="matchCarouselwithMainTitle" finished-at="2023-11-17T13:35:23 IST" duration-ms="3095" status="PASS">
          <reporter-output>
          </reporter-output>
        </test-method> <!-- matchCarouselwithMainTitle -->
        <test-method signature="searchBar()[pri:5, instance:setUp.RunSetup@21be3395]" started-at="2023-11-17T13:35:23 IST" name="searchBar" finished-at="2023-11-17T13:36:45 IST" duration-ms="82539" status="PASS">
          <reporter-output>
          </reporter-output>
        </test-method> <!-- searchBar -->
        <test-method is-config="true" signature="close()[pri:0, instance:setUp.RunSetup@21be3395]" started-at="2023-11-17T13:36:45 IST" name="close" finished-at="2023-11-17T13:36:45 IST" duration-ms="1" status="PASS">
          <reporter-output>
          </reporter-output>
        </test-method> <!-- close -->
      </class> <!-- setUp.RunSetup -->
    </test> <!-- Default test -->
  </suite> <!-- Default suite -->
</testng-results>
