<?xml version="1.0" encoding="UTF-8"?>
<!-- Generated by org.testng.reporters.JUnitXMLReporter -->
<testsuite ignored="2" hostname="Akshay-PC" failures="0" tests="1" name="Default test(failed)" time="35.185" errors="0" timestamp="2023-11-16T16:13:41 IST">
  <testcase classname="setUp.RunSetup" name="verifyElementsInPage" time="13.782"/>
  <testcase classname="setUp.RunSetup" name="topNavigationBarandClickOnIt" time="0.0">
    <ignored/>
  </testcase> <!-- topNavigationBarandClickOnIt -->
  <testcase classname="setUp.RunSetup" name="loginIntoApplication" time="0.0">
    <ignored/>
  </testcase> <!-- loginIntoApplication -->
</testsuite> <!-- Default test(failed) -->
