<?xml version="1.0" encoding="UTF-8"?>
<!-- Generated by org.testng.reporters.JUnitXMLReporter -->
<testsuite ignored="0" hostname="Akshay-PC" failures="0" tests="5" name="Default test" time="168.972" errors="0" timestamp="2023-11-17T13:36:45 IST">
  <testcase classname="setUp.RunSetup" name="loginIntoApplication" time="12.741"/>
  <testcase classname="setUp.RunSetup" name="verifyElementsInPage" time="36.959"/>
  <testcase classname="setUp.RunSetup" name="topNavigationBarandClickOnIt" time="0.243"/>
  <testcase classname="setUp.RunSetup" name="matchCarouselwithMainTitle" time="3.095"/>
  <testcase classname="setUp.RunSetup" name="searchBar" time="82.539"/>
</testsuite> <!-- Default test -->
